<?xml version="1.0" encoding="utf-8" standalone="no"?>
<!--This file represents the results of running a test suite-->
<test-results name="C:\Dev\CK-AspNet\CK-AspNet\Tests\CK.AspNet.Tester.Tests\bin\Debug\net461\CK.AspNet.Tester.Tests.dll" total="9" errors="9" failures="0" not-run="0" inconclusive="0" ignored="0" skipped="0" invalid="0" date="2017-09-28" time="17:51:57">
  <environment nunit-version="2.6.4.14350" clr-version="4.0.30319.42000" os-version="Microsoft Windows NT 6.2.9200.0" platform="Win32NT" cwd="C:\Dev\CK-AspNet\CK-AspNet" machine-name="DESKTOP-5BQ4M95" user="olivi" user-domain="DESKTOP-5BQ4M95" />
  <culture-info current-culture="fr-FR" current-uiculture="fr-FR" />
  <test-suite type="Assembly" name="C:\Dev\CK-AspNet\CK-AspNet\Tests\CK.AspNet.Tester.Tests\bin\Debug\net461\CK.AspNet.Tester.Tests.dll" executed="True" result="Failure" success="False" time="1.384" asserts="0">
    <results>
      <test-suite type="Namespace" name="CK" executed="True" result="Failure" success="False" time="1.374" asserts="0">
        <results>
          <test-suite type="Namespace" name="AspNet" executed="True" result="Failure" success="False" time="1.374" asserts="0">
            <results>
              <test-suite type="Namespace" name="Tester" executed="True" result="Failure" success="False" time="1.374" asserts="0">
                <results>
                  <test-suite type="Namespace" name="Tests" executed="True" result="Failure" success="False" time="1.373" asserts="0">
                    <results>
                      <test-suite type="TestFixture" name="GrandOutputWebHostTests" executed="True" result="Failure" success="False" time="1.292" asserts="0">
                        <results>
                          <test-case name="CK.AspNet.Tester.Tests.GrandOutputWebHostTests.GrandOutput_configuration_with_a_text_log_from_Json" executed="True" result="Error" success="False" time="1.273" asserts="0">
                            <failure>
                              <message><![CDATA[SetUp : System.IO.FileLoadException : Impossible de charger le fichier ou l'assembly 'System.Runtime.InteropServices.RuntimeInformation, Version=0.0.0.0, Culture=neutral, PublicKeyToken=b03f5f7f11d50a3a' ou une de ses dépendances. La définition trouvée du manifeste de l'assembly ne correspond pas à la référence de l'assembly. (Exception de HRESULT : 0x80131040)]]></message>
                              <stack-trace><![CDATA[à Microsoft.AspNetCore.Hosting.Internal.WebHost.BuildApplication()
à Microsoft.AspNetCore.Hosting.WebHostBuilder.Build()
à Microsoft.AspNetCore.TestHost.TestServer..ctor(IWebHostBuilder builder, IFeatureCollection featureCollection)
à CK.AspNet.Tester.Tests.GrandOutputWebHostTests.CreateServerWithUseMonitoring(IConfigurationSource config, GrandOutput grandOutput, String monitoringConfigurationPath)
à CK.AspNet.Tester.Tests.GrandOutputWebHostTests.GrandOutput_Default_should_be_configured_with_default_values()
]]></stack-trace>
                            </failure>
                          </test-case>
                          <test-case name="CK.AspNet.Tester.Tests.GrandOutputWebHostTests.GrandOutput_dynamic_configuration_with_a_text_and_the_binary_and_then_text_log_from_Json" executed="True" result="Error" success="False" time="0.002" asserts="0">
                            <failure>
                              <message><![CDATA[SetUp : System.IO.FileLoadException : Impossible de charger le fichier ou l'assembly 'System.Runtime.InteropServices.RuntimeInformation, Version=0.0.0.0, Culture=neutral, PublicKeyToken=b03f5f7f11d50a3a' ou une de ses dépendances. La définition trouvée du manifeste de l'assembly ne correspond pas à la référence de l'assembly. (Exception de HRESULT : 0x80131040)]]></message>
                              <stack-trace><![CDATA[à Microsoft.AspNetCore.Hosting.Internal.WebHost.BuildApplication()
à Microsoft.AspNetCore.Hosting.WebHostBuilder.Build()
à Microsoft.AspNetCore.TestHost.TestServer..ctor(IWebHostBuilder builder, IFeatureCollection featureCollection)
à CK.AspNet.Tester.Tests.GrandOutputWebHostTests.CreateServerWithUseMonitoring(IConfigurationSource config, GrandOutput grandOutput, String monitoringConfigurationPath)
à CK.AspNet.Tester.Tests.GrandOutputWebHostTests.GrandOutput_Default_should_be_configured_with_default_values()
]]></stack-trace>
                            </failure>
                          </test-case>
                        </results>
                      </test-suite>
                      <test-suite type="TestFixture" name="RequestMonitorTests" executed="True" result="Failure" success="False" time="0.060" asserts="0">
                        <results>
                          <test-case name="CK.AspNet.Tester.Tests.RequestMonitorTests.hidden_async_bugs_are_not_caught_at_all" executed="True" result="Error" success="False" time="0.022" asserts="0">
                            <failure>
                              <message><![CDATA[System.IO.FileLoadException : Impossible de charger le fichier ou l'assembly 'System.Runtime.InteropServices.RuntimeInformation, Version=0.0.0.0, Culture=neutral, PublicKeyToken=b03f5f7f11d50a3a' ou une de ses dépendances. La définition trouvée du manifeste de l'assembly ne correspond pas à la référence de l'assembly. (Exception de HRESULT : 0x80131040)]]></message>
                              <stack-trace><![CDATA[à Microsoft.AspNetCore.Hosting.Internal.WebHost.BuildApplication()
à Microsoft.AspNetCore.Hosting.WebHostBuilder.Build()
à Microsoft.AspNetCore.TestHost.TestServer..ctor(IWebHostBuilder builder, IFeatureCollection featureCollection)
à CK.AspNet.Tester.Tests.RequestMonitorTests.<hidden_async_bugs_are_not_caught_at_all>d__1.MoveNext()
à NUnit.Framework.AsyncInvocationRegion.AsyncTaskInvocationRegion.WaitForPendingOperationsToComplete(Object invocationResult)
à NUnit.Core.NUnitAsyncTestMethod.RunTestMethod()
]]></stack-trace>
                            </failure>
                          </test-case>
                          <test-suite type="ParameterizedTest" name="request_monitor_handles_exceptions_but_does_not_swallow_them_by_default" executed="True" result="Failure" success="False" time="0.035" asserts="0">
                            <results>
                              <test-case name="CK.AspNet.Tester.Tests.RequestMonitorTests.request_monitor_handles_exceptions_but_does_not_swallow_them_by_default(True)" executed="True" result="Error" success="False" time="0.030" asserts="0">
                                <failure>
                                  <message><![CDATA[System.IO.FileLoadException : Impossible de charger le fichier ou l'assembly 'System.Runtime.InteropServices.RuntimeInformation, Version=0.0.0.0, Culture=neutral, PublicKeyToken=b03f5f7f11d50a3a' ou une de ses dépendances. La définition trouvée du manifeste de l'assembly ne correspond pas à la référence de l'assembly. (Exception de HRESULT : 0x80131040)]]></message>
                                  <stack-trace><![CDATA[à Microsoft.AspNetCore.Hosting.Internal.WebHost.BuildApplication()
à Microsoft.AspNetCore.Hosting.WebHostBuilder.Build()
à Microsoft.AspNetCore.TestHost.TestServer..ctor(IWebHostBuilder builder, IFeatureCollection featureCollection)
à CK.AspNet.Tester.Tests.RequestMonitorTests.<request_monitor_handles_exceptions_but_does_not_swallow_them_by_default>d__0.MoveNext()
à NUnit.Framework.AsyncInvocationRegion.AsyncTaskInvocationRegion.WaitForPendingOperationsToComplete(Object invocationResult)
à NUnit.Core.NUnitAsyncTestMethod.RunTestMethod()
]]></stack-trace>
                                </failure>
                              </test-case>
                              <test-case name="CK.AspNet.Tester.Tests.RequestMonitorTests.request_monitor_handles_exceptions_but_does_not_swallow_them_by_default(False)" executed="True" result="Error" success="False" time="0.002" asserts="0">
                                <failure>
                                  <message><![CDATA[System.IO.FileLoadException : Impossible de charger le fichier ou l'assembly 'System.Runtime.InteropServices.RuntimeInformation, Version=0.0.0.0, Culture=neutral, PublicKeyToken=b03f5f7f11d50a3a' ou une de ses dépendances. La définition trouvée du manifeste de l'assembly ne correspond pas à la référence de l'assembly. (Exception de HRESULT : 0x80131040)]]></message>
                                  <stack-trace><![CDATA[à Microsoft.AspNetCore.Hosting.Internal.WebHost.BuildApplication()
à Microsoft.AspNetCore.Hosting.WebHostBuilder.Build()
à Microsoft.AspNetCore.TestHost.TestServer..ctor(IWebHostBuilder builder, IFeatureCollection featureCollection)
à CK.AspNet.Tester.Tests.RequestMonitorTests.<request_monitor_handles_exceptions_but_does_not_swallow_them_by_default>d__0.MoveNext()
à NUnit.Framework.AsyncInvocationRegion.AsyncTaskInvocationRegion.WaitForPendingOperationsToComplete(Object invocationResult)
à NUnit.Core.NUnitAsyncTestMethod.RunTestMethod()
]]></stack-trace>
                                </failure>
                              </test-case>
                            </results>
                          </test-suite>
                        </results>
                      </test-suite>
                      <test-suite type="TestFixture" name="WebHostFactoryTests" executed="True" result="Failure" success="False" time="0.016" asserts="0">
                        <results>
                          <test-case name="CK.AspNet.Tester.Tests.WebHostFactoryTests.authorization_token_works" executed="True" result="Error" success="False" time="0.004" asserts="0">
                            <failure>
                              <message><![CDATA[System.IO.FileLoadException : Impossible de charger le fichier ou l'assembly 'System.Runtime.InteropServices.RuntimeInformation, Version=0.0.0.0, Culture=neutral, PublicKeyToken=b03f5f7f11d50a3a' ou une de ses dépendances. La définition trouvée du manifeste de l'assembly ne correspond pas à la référence de l'assembly. (Exception de HRESULT : 0x80131040)]]></message>
                              <stack-trace><![CDATA[à Microsoft.AspNetCore.Hosting.Internal.WebHost.BuildApplication()
à Microsoft.AspNetCore.Hosting.WebHostBuilder.Build()
à Microsoft.AspNetCore.TestHost.TestServer..ctor(IWebHostBuilder builder, IFeatureCollection featureCollection)
à CK.AspNet.Tester.Tests.WebHostFactoryTests.CreateStupidServer()
à CK.AspNet.Tester.Tests.WebHostFactoryTests.<authorization_token_works>d__1.MoveNext()
à NUnit.Framework.AsyncInvocationRegion.AsyncTaskInvocationRegion.WaitForPendingOperationsToComplete(Object invocationResult)
à NUnit.Core.NUnitAsyncTestMethod.RunTestMethod()
]]></stack-trace>
                            </failure>
                          </test-case>
                          <test-case name="CK.AspNet.Tester.Tests.WebHostFactoryTests.hello_world_midleware" executed="True" result="Error" success="False" time="0.003" asserts="0">
                            <failure>
                              <message><![CDATA[System.IO.FileLoadException : Impossible de charger le fichier ou l'assembly 'System.Runtime.InteropServices.RuntimeInformation, Version=0.0.0.0, Culture=neutral, PublicKeyToken=b03f5f7f11d50a3a' ou une de ses dépendances. La définition trouvée du manifeste de l'assembly ne correspond pas à la référence de l'assembly. (Exception de HRESULT : 0x80131040)]]></message>
                              <stack-trace><![CDATA[à Microsoft.AspNetCore.Hosting.Internal.WebHost.BuildApplication()
à Microsoft.AspNetCore.Hosting.WebHostBuilder.Build()
à Microsoft.AspNetCore.TestHost.TestServer..ctor(IWebHostBuilder builder, IFeatureCollection featureCollection)
à CK.AspNet.Tester.Tests.WebHostFactoryTests.CreateStupidServer()
à CK.AspNet.Tester.Tests.WebHostFactoryTests.<hello_world_midleware>d__0.MoveNext()
à NUnit.Framework.AsyncInvocationRegion.AsyncTaskInvocationRegion.WaitForPendingOperationsToComplete(Object invocationResult)
à NUnit.Core.NUnitAsyncTestMethod.RunTestMethod()
]]></stack-trace>
                            </failure>
                          </test-case>
                          <test-case name="CK.AspNet.Tester.Tests.WebHostFactoryTests.testing_PostJSON" executed="True" result="Error" success="False" time="0.003" asserts="0">
                            <failure>
                              <message><![CDATA[System.IO.FileLoadException : Impossible de charger le fichier ou l'assembly 'System.Runtime.InteropServices.RuntimeInformation, Version=0.0.0.0, Culture=neutral, PublicKeyToken=b03f5f7f11d50a3a' ou une de ses dépendances. La définition trouvée du manifeste de l'assembly ne correspond pas à la référence de l'assembly. (Exception de HRESULT : 0x80131040)]]></message>
                              <stack-trace><![CDATA[à Microsoft.AspNetCore.Hosting.Internal.WebHost.BuildApplication()
à Microsoft.AspNetCore.Hosting.WebHostBuilder.Build()
à Microsoft.AspNetCore.TestHost.TestServer..ctor(IWebHostBuilder builder, IFeatureCollection featureCollection)
à CK.AspNet.Tester.Tests.WebHostFactoryTests.CreateStupidServer()
à CK.AspNet.Tester.Tests.WebHostFactoryTests.<testing_PostJSON>d__3.MoveNext()
à NUnit.Framework.AsyncInvocationRegion.AsyncTaskInvocationRegion.WaitForPendingOperationsToComplete(Object invocationResult)
à NUnit.Core.NUnitAsyncTestMethod.RunTestMethod()
]]></stack-trace>
                            </failure>
                          </test-case>
                          <test-case name="CK.AspNet.Tester.Tests.WebHostFactoryTests.testing_PostXml" executed="True" result="Error" success="False" time="0.003" asserts="0">
                            <failure>
                              <message><![CDATA[System.IO.FileLoadException : Impossible de charger le fichier ou l'assembly 'System.Runtime.InteropServices.RuntimeInformation, Version=0.0.0.0, Culture=neutral, PublicKeyToken=b03f5f7f11d50a3a' ou une de ses dépendances. La définition trouvée du manifeste de l'assembly ne correspond pas à la référence de l'assembly. (Exception de HRESULT : 0x80131040)]]></message>
                              <stack-trace><![CDATA[à Microsoft.AspNetCore.Hosting.Internal.WebHost.BuildApplication()
à Microsoft.AspNetCore.Hosting.WebHostBuilder.Build()
à Microsoft.AspNetCore.TestHost.TestServer..ctor(IWebHostBuilder builder, IFeatureCollection featureCollection)
à CK.AspNet.Tester.Tests.WebHostFactoryTests.CreateStupidServer()
à CK.AspNet.Tester.Tests.WebHostFactoryTests.<testing_PostXml>d__2.MoveNext()
à NUnit.Framework.AsyncInvocationRegion.AsyncTaskInvocationRegion.WaitForPendingOperationsToComplete(Object invocationResult)
à NUnit.Core.NUnitAsyncTestMethod.RunTestMethod()
]]></stack-trace>
                            </failure>
                          </test-case>
                        </results>
                      </test-suite>
                    </results>
                  </test-suite>
                </results>
              </test-suite>
            </results>
          </test-suite>
        </results>
      </test-suite>
    </results>
  </test-suite>
</test-results>